<?xml version="1.0" encoding="UTF-8"?>
<testsuite xmlns:xsi="http://www.w3.org/2001/XMLSchema-instance" xsi:noNamespaceSchemaLocation="https://maven.apache.org/surefire/maven-surefire-plugin/xsd/surefire-test-report.xsd" name="testcucumber.RunCucumberTest" time="281.227" tests="2" errors="0" skipped="0" failures="0">
  <properties>
[...]
</properties>
  <testcase name="Trying enter in Email is not success" classname="Login" time="18.027"/>
  <testcase name="Opening News Page" classname="yandexNews" time="257.96"/>
</testsuite>